<?xml version="1.0" encoding="UTF-8"?>
<!-- Generated by org.testng.reporters.JUnitReportReporter -->
<testsuite hostname="DESKTOP-ICKSTU8" failures="0" tests="1" name="com.automation.SeleniumProject.CartTest" time="12.761" errors="0" timestamp="2025-04-26T11:07:48 IST" skipped="0">
  <testcase classname="com.automation.SeleniumProject.CartTest" name="addProductToCartWithOutLogin" time="12.761"/>
  <system-out/>
</testsuite> <!-- com.automation.SeleniumProject.CartTest -->
